2024-10-10 19:30:30,394 [NonParallelWorker] INFO MochaHomeAccounting.Utilities.ExtentReporting - Check for Extent Report Object
2024-10-10 19:30:30,404 [NonParallelWorker] INFO MochaHomeAccounting.Utilities.ExtentReporting - Creating the Extent Report Object
2024-10-10 19:30:30,413 [NonParallelWorker] INFO MochaHomeAccounting.Utilities.ExtentReporting - The Extent Report directory C:\Users\sahba\OneDrive\Documents\Babulal_Docs\MochaSeleniumTests\MochaWeb\bin\Debug\net6.0\ExtentReports
2024-10-10 19:30:30,413 [NonParallelWorker] INFO MochaHomeAccounting.Utilities.ExtentReporting - Creating the directory at C:\Users\sahba\OneDrive\Documents\Babulal_Docs\MochaSeleniumTests\MochaWeb\bin\Debug\net6.0\ExtentReports
2024-10-10 19:30:31,301 [NonParallelWorker] INFO MochaHomeAccounting.Utilities.BaseTestLibrary.BaseTest - ************************************* Base Class Initialized block starts *************************
2024-10-10 19:30:31,338 [NonParallelWorker] INFO MochaHomeAccounting.Utilities.BaseTestLibrary.BaseTest - ************************************* Base Class Initialized block ended *************************
2024-10-10 19:30:32,084 [NonParallelWorker] INFO MochaHomeAccounting.Utilities.WebDriverLibraries.WebDriverLibrary - The WebDriver for Chrome
2024-10-10 19:30:36,111 [NonParallelWorker] INFO MochaHomeAccounting.Utilities.WebDriverLibraries.ChromeDriverLib - Returning Chrome Driver object
2024-10-10 19:30:43,143 [NonParallelWorker] INFO MochaHomeAccounting.Tests.SmokeSuites - Navigated to URL: https://mochaaccounting.com/
2024-10-10 19:30:52,368 [NonParallelWorker] INFO MochaHomeAccounting.Tests.SmokeSuites - Clicked on Signup button
2024-10-10 19:30:52,638 [NonParallelWorker] INFO MochaHomeAccounting.Tests.SmokeSuites - Entered Full Name
2024-10-10 19:30:52,973 [NonParallelWorker] INFO MochaHomeAccounting.Tests.SmokeSuites - Entered Email Address
2024-10-10 19:30:53,178 [NonParallelWorker] INFO MochaHomeAccounting.Tests.SmokeSuites - Entered Mobile Number
2024-10-10 19:30:53,447 [NonParallelWorker] INFO MochaHomeAccounting.Tests.SmokeSuites - Entered Company Name
2024-10-10 19:30:53,673 [NonParallelWorker] INFO MochaHomeAccounting.Tests.SmokeSuites - Entered Password
2024-10-10 19:30:53,886 [NonParallelWorker] INFO MochaHomeAccounting.Tests.SmokeSuites - Entered Confirm Password
2024-10-10 19:30:53,996 [NonParallelWorker] INFO MochaHomeAccounting.Tests.SmokeSuites - Clicked on Terms and Conditions
2024-10-10 19:30:59,416 [NonParallelWorker] INFO MochaHomeAccounting.Tests.SmokeSuites - Clicked on Signup button
2024-10-10 19:31:21,124 [NonParallelWorker] INFO MochaHomeAccounting.PageModel.CommonPage.SignupPage - Actual Message Please verify your email
2024-10-10 19:31:26,143 [NonParallelWorker] INFO MochaHomeAccounting.Tests.SmokeSuites - Validated Signup message
2024-10-10 19:31:34,890 [NonParallelWorker] INFO MochaHomeAccounting.Tests.SmokeSuites - Verified Email
2024-10-10 19:31:36,661 [NonParallelWorker] INFO MochaHomeAccounting.PageModel.CommonPage.SignupPage - Actual Login Message Login to your Mocha account
2024-10-10 19:31:36,662 [NonParallelWorker] INFO MochaHomeAccounting.Tests.SmokeSuites - Validated Login Page opened
2024-10-10 19:31:36,665 [NonParallelWorker] INFO MochaHomeAccounting.Utilities.TakeScreenShot - Create the screen shot with ITakeScreenShot
2024-10-10 19:31:36,831 [NonParallelWorker] INFO MochaHomeAccounting.Utilities.BaseTestLibrary.BaseTest - Disposing the WebDriver Object
2024-10-10 19:31:36,838 [NonParallelWorker] INFO MochaHomeAccounting.Utilities.BaseTestLibrary.BaseTest - VerifySignupFunctionality is Passed
2024-10-10 19:31:36,838 [NonParallelWorker] INFO MochaHomeAccounting.Utilities.BaseTestLibrary.BaseTest - Driver is getting closed
2024-10-10 19:31:37,067 [NonParallelWorker] INFO MochaHomeAccounting.Utilities.BaseTestLibrary.BaseTest - Driver is closed
2024-10-10 19:31:37,319 [NonParallelWorker] INFO MochaHomeAccounting.Utilities.BaseTestLibrary.BaseTest - ************************************* base class cleanup block started *************************
2024-10-10 19:31:37,321 [NonParallelWorker] INFO MochaHomeAccounting.Utilities.BaseTestLibrary.BaseTest - ******************** Current Execution Outcome **************************
2024-10-10 19:31:37,321 [NonParallelWorker] INFO MochaHomeAccounting.Utilities.BaseTestLibrary.BaseTest - *************************************************************************
2024-10-10 19:31:37,321 [NonParallelWorker] INFO MochaHomeAccounting.Utilities.BaseTestLibrary.BaseTest - Total Tests Executed: 1
2024-10-10 19:31:37,321 [NonParallelWorker] INFO MochaHomeAccounting.Utilities.BaseTestLibrary.BaseTest - Total Tests Passed: 1
2024-10-10 19:31:37,321 [NonParallelWorker] INFO MochaHomeAccounting.Utilities.BaseTestLibrary.BaseTest - Total Tests Failed: 0
2024-10-10 19:31:37,321 [NonParallelWorker] INFO MochaHomeAccounting.Utilities.BaseTestLibrary.BaseTest - *************************************************************************
2024-10-10 19:31:37,322 [NonParallelWorker] INFO MochaHomeAccounting.Utilities.ExtentReporting - Flush the extent Report Object
2024-10-10 19:31:50,085 [NonParallelWorker] INFO MochaHomeAccounting.Utilities.BaseTestLibrary.BaseTest - ************************************* base class cleanup block Ends *************************
2024-10-10 19:31:50,090 [NonParallelWorker] INFO MochaHomeAccounting.Utilities.ExtentReporting - Check for Extent Report Object
2024-10-10 19:31:50,091 [NonParallelWorker] INFO MochaHomeAccounting.Utilities.BaseTestLibrary.BaseTest - ************************************* Base Class Initialized block starts *************************
2024-10-10 19:31:50,091 [NonParallelWorker] INFO MochaHomeAccounting.Utilities.BaseTestLibrary.BaseTest - ************************************* Base Class Initialized block ended *************************
2024-10-10 19:31:50,091 [NonParallelWorker] INFO MochaHomeAccounting.Utilities.WebDriverLibraries.WebDriverLibrary - The WebDriver for Chrome
2024-10-10 19:31:52,231 [NonParallelWorker] INFO MochaHomeAccounting.Utilities.WebDriverLibraries.ChromeDriverLib - Returning Chrome Driver object
2024-10-10 19:31:58,229 [NonParallelWorker] INFO MochaHomeAccounting.Tests.SmokeSuites - Navigated to URL: https://mochaaccounting.com/
2024-10-10 19:32:03,323 [NonParallelWorker] INFO MochaHomeAccounting.Tests.SmokeSuites - Entered username: test410@yopmail.com
2024-10-10 19:32:03,695 [NonParallelWorker] INFO MochaHomeAccounting.Tests.SmokeSuites - Entered password: Test@1234
2024-10-10 19:32:03,815 [NonParallelWorker] INFO MochaHomeAccounting.Tests.SmokeSuites - Clicked on Login button
2024-10-10 19:32:15,861 [NonParallelWorker] INFO MochaHomeAccounting.PageModel.DashboardPage.DashboardPage -  Element found using the identifier :By.XPath: //img[@alt='Mocha Technologies']
2024-10-10 19:32:15,862 [NonParallelWorker] INFO MochaHomeAccounting.PageModel.DashboardPage.DashboardPage - User is logged in successfully
2024-10-10 19:32:15,862 [NonParallelWorker] INFO MochaHomeAccounting.Tests.SmokeSuites - Dashboard page opened successfully
2024-10-10 19:32:15,862 [NonParallelWorker] INFO MochaHomeAccounting.Utilities.TakeScreenShot - Create the screen shot with ITakeScreenShot
2024-10-10 19:32:16,149 [NonParallelWorker] INFO MochaHomeAccounting.Utilities.BaseTestLibrary.BaseTest - Disposing the WebDriver Object
2024-10-10 19:32:16,149 [NonParallelWorker] INFO MochaHomeAccounting.Utilities.BaseTestLibrary.BaseTest - VerifyLoginFunctionality is Passed
2024-10-10 19:32:16,149 [NonParallelWorker] INFO MochaHomeAccounting.Utilities.BaseTestLibrary.BaseTest - Driver is getting closed
2024-10-10 19:32:16,377 [NonParallelWorker] INFO MochaHomeAccounting.Utilities.BaseTestLibrary.BaseTest - Driver is closed
2024-10-10 19:32:16,454 [NonParallelWorker] INFO MochaHomeAccounting.Utilities.BaseTestLibrary.BaseTest - ************************************* base class cleanup block started *************************
2024-10-10 19:32:16,455 [NonParallelWorker] INFO MochaHomeAccounting.Utilities.BaseTestLibrary.BaseTest - ******************** Current Execution Outcome **************************
2024-10-10 19:32:16,455 [NonParallelWorker] INFO MochaHomeAccounting.Utilities.BaseTestLibrary.BaseTest - *************************************************************************
2024-10-10 19:32:16,455 [NonParallelWorker] INFO MochaHomeAccounting.Utilities.BaseTestLibrary.BaseTest - Total Tests Executed: 2
2024-10-10 19:32:16,455 [NonParallelWorker] INFO MochaHomeAccounting.Utilities.BaseTestLibrary.BaseTest - Total Tests Passed: 2
2024-10-10 19:32:16,455 [NonParallelWorker] INFO MochaHomeAccounting.Utilities.BaseTestLibrary.BaseTest - Total Tests Failed: 0
2024-10-10 19:32:16,455 [NonParallelWorker] INFO MochaHomeAccounting.Utilities.BaseTestLibrary.BaseTest - *************************************************************************
2024-10-10 19:32:16,455 [NonParallelWorker] INFO MochaHomeAccounting.Utilities.ExtentReporting - Flush the extent Report Object
2024-10-10 19:32:16,458 [NonParallelWorker] INFO MochaHomeAccounting.Utilities.BaseTestLibrary.BaseTest - ************************************* base class cleanup block Ends *************************
2024-10-10 19:32:16,459 [NonParallelWorker] INFO MochaHomeAccounting.Utilities.ExtentReporting - Check for Extent Report Object
2024-10-10 19:32:16,459 [NonParallelWorker] INFO MochaHomeAccounting.Utilities.BaseTestLibrary.BaseTest - ************************************* Base Class Initialized block starts *************************
2024-10-10 19:32:16,459 [NonParallelWorker] INFO MochaHomeAccounting.Utilities.BaseTestLibrary.BaseTest - ************************************* Base Class Initialized block ended *************************
2024-10-10 19:32:16,459 [NonParallelWorker] INFO MochaHomeAccounting.Utilities.WebDriverLibraries.WebDriverLibrary - The WebDriver for Chrome
2024-10-10 19:32:18,591 [NonParallelWorker] INFO MochaHomeAccounting.Utilities.WebDriverLibraries.ChromeDriverLib - Returning Chrome Driver object
2024-10-10 19:32:19,790 [NonParallelWorker] INFO MochaHomeAccounting.Tests.SmokeSuites - Navigated to URL: https://mochaaccounting.com/
2024-10-10 19:32:28,884 [NonParallelWorker] INFO MochaHomeAccounting.PageModel.CommonPage.LoginPage - Entered username: test410@yopmail.com
2024-10-10 19:32:29,327 [NonParallelWorker] INFO MochaHomeAccounting.PageModel.CommonPage.LoginPage - Entered password: Test@1234
2024-10-10 19:32:29,457 [NonParallelWorker] INFO MochaHomeAccounting.PageModel.CommonPage.LoginPage - Clicked on Login button
2024-10-10 19:32:41,919 [NonParallelWorker] INFO MochaHomeAccounting.Tests.SmokeSuites - Settings page is opened successfully
2024-10-10 19:32:45,201 [NonParallelWorker] INFO MochaHomeAccounting.Tests.SmokeSuites - Company Legal Name is entered successfully
2024-10-10 19:32:46,232 [NonParallelWorker] INFO MochaHomeAccounting.Tests.SmokeSuites - Company Address is entered successfully
2024-10-10 19:32:51,620 [NonParallelWorker] INFO MochaHomeAccounting.Tests.SmokeSuites - Industry is selected successfully
2024-10-10 19:32:51,886 [NonParallelWorker] INFO MochaHomeAccounting.Tests.SmokeSuites - Clicked on Account Details
2024-10-10 19:32:59,985 [NonParallelWorker] INFO MochaHomeAccounting.Tests.SmokeSuites - Clicked on Save button successfully
2024-10-10 19:33:00,138 [NonParallelWorker] INFO MochaHomeAccounting.Tests.SmokeSuites - Settings are saved successfully
2024-10-10 19:33:00,138 [NonParallelWorker] INFO MochaHomeAccounting.Utilities.TakeScreenShot - Create the screen shot with ITakeScreenShot
2024-10-10 19:33:00,267 [NonParallelWorker] INFO MochaHomeAccounting.Utilities.BaseTestLibrary.BaseTest - Disposing the WebDriver Object
2024-10-10 19:33:00,268 [NonParallelWorker] INFO MochaHomeAccounting.Utilities.BaseTestLibrary.BaseTest - VerifySettingsFunctionality is Passed
2024-10-10 19:33:00,268 [NonParallelWorker] INFO MochaHomeAccounting.Utilities.BaseTestLibrary.BaseTest - Driver is getting closed
2024-10-10 19:33:00,448 [NonParallelWorker] INFO MochaHomeAccounting.Utilities.BaseTestLibrary.BaseTest - Driver is closed
2024-10-10 19:33:00,683 [NonParallelWorker] INFO MochaHomeAccounting.Utilities.BaseTestLibrary.BaseTest - ************************************* base class cleanup block started *************************
2024-10-10 19:33:00,684 [NonParallelWorker] INFO MochaHomeAccounting.Utilities.BaseTestLibrary.BaseTest - ******************** Current Execution Outcome **************************
2024-10-10 19:33:00,684 [NonParallelWorker] INFO MochaHomeAccounting.Utilities.BaseTestLibrary.BaseTest - *************************************************************************
2024-10-10 19:33:00,684 [NonParallelWorker] INFO MochaHomeAccounting.Utilities.BaseTestLibrary.BaseTest - Total Tests Executed: 3
2024-10-10 19:33:00,684 [NonParallelWorker] INFO MochaHomeAccounting.Utilities.BaseTestLibrary.BaseTest - Total Tests Passed: 3
2024-10-10 19:33:00,684 [NonParallelWorker] INFO MochaHomeAccounting.Utilities.BaseTestLibrary.BaseTest - Total Tests Failed: 0
2024-10-10 19:33:00,684 [NonParallelWorker] INFO MochaHomeAccounting.Utilities.BaseTestLibrary.BaseTest - *************************************************************************
2024-10-10 19:33:00,684 [NonParallelWorker] INFO MochaHomeAccounting.Utilities.ExtentReporting - Flush the extent Report Object
2024-10-10 19:33:00,691 [NonParallelWorker] INFO MochaHomeAccounting.Utilities.BaseTestLibrary.BaseTest - ************************************* base class cleanup block Ends *************************
2024-10-10 19:33:00,692 [NonParallelWorker] INFO MochaHomeAccounting.Utilities.ExtentReporting - Check for Extent Report Object
2024-10-10 19:33:00,693 [NonParallelWorker] INFO MochaHomeAccounting.Utilities.BaseTestLibrary.BaseTest - ************************************* Base Class Initialized block starts *************************
2024-10-10 19:33:00,693 [NonParallelWorker] INFO MochaHomeAccounting.Utilities.BaseTestLibrary.BaseTest - ************************************* Base Class Initialized block ended *************************
2024-10-10 19:33:00,693 [NonParallelWorker] INFO MochaHomeAccounting.Utilities.WebDriverLibraries.WebDriverLibrary - The WebDriver for Chrome
2024-10-10 19:33:03,012 [NonParallelWorker] INFO MochaHomeAccounting.Utilities.WebDriverLibraries.ChromeDriverLib - Returning Chrome Driver object
2024-10-10 19:33:04,063 [NonParallelWorker] INFO MochaHomeAccounting.Tests.SmokeSuites - Navigated to URL: https://mochaaccounting.com/
2024-10-10 19:33:14,247 [NonParallelWorker] INFO MochaHomeAccounting.PageModel.CommonPage.LoginPage - Entered username: test410@yopmail.com
2024-10-10 19:33:14,546 [NonParallelWorker] INFO MochaHomeAccounting.PageModel.CommonPage.LoginPage - Entered password: Test@1234
2024-10-10 19:33:14,697 [NonParallelWorker] INFO MochaHomeAccounting.PageModel.CommonPage.LoginPage - Clicked on Login button
2024-10-10 19:33:29,576 [NonParallelWorker] INFO MochaHomeAccounting.PageModel.SalesPage.CustomersPage - Clicked on Sales
2024-10-10 19:33:29,719 [NonParallelWorker] INFO MochaHomeAccounting.PageModel.SalesPage.CustomersPage - Clicked on Customers
2024-10-10 19:33:29,832 [NonParallelWorker] INFO MochaHomeAccounting.PageModel.SalesPage.CustomersPage - Customers page opened successfully
2024-10-10 19:33:35,885 [NonParallelWorker] INFO MochaHomeAccounting.Tests.SmokeSuites - Clicked on Customer Type
2024-10-10 19:33:35,997 [NonParallelWorker] INFO MochaHomeAccounting.Tests.SmokeSuites - Customer Type page opened successfully
2024-10-10 19:33:36,385 [NonParallelWorker] INFO MochaHomeAccounting.Tests.SmokeSuites - Clicked on New Customer Type
2024-10-10 19:33:37,451 [NonParallelWorker] INFO MochaHomeAccounting.Tests.SmokeSuites - Entered Customer Type Name
2024-10-10 19:33:37,588 [NonParallelWorker] INFO MochaHomeAccounting.Tests.SmokeSuites - Clicked on Add Customer Type
2024-10-10 19:33:38,988 [NonParallelWorker] INFO MochaHomeAccounting.Tests.SmokeSuites - Customer Type is created successfully
2024-10-10 19:33:39,076 [NonParallelWorker] INFO MochaHomeAccounting.Tests.SmokeSuites - Customer Type is displayed successfully
2024-10-10 19:33:39,077 [NonParallelWorker] INFO MochaHomeAccounting.Utilities.TakeScreenShot - Create the screen shot with ITakeScreenShot
2024-10-10 19:33:39,221 [NonParallelWorker] INFO MochaHomeAccounting.Utilities.BaseTestLibrary.BaseTest - Disposing the WebDriver Object
2024-10-10 19:33:39,221 [NonParallelWorker] INFO MochaHomeAccounting.Utilities.BaseTestLibrary.BaseTest - VerifyCreateCustomerTypeFunctionality is Passed
2024-10-10 19:33:39,221 [NonParallelWorker] INFO MochaHomeAccounting.Utilities.BaseTestLibrary.BaseTest - Driver is getting closed
2024-10-10 19:33:39,389 [NonParallelWorker] INFO MochaHomeAccounting.Utilities.BaseTestLibrary.BaseTest - Driver is closed
2024-10-10 19:33:39,480 [NonParallelWorker] INFO MochaHomeAccounting.Utilities.BaseTestLibrary.BaseTest - ************************************* base class cleanup block started *************************
2024-10-10 19:33:39,480 [NonParallelWorker] INFO MochaHomeAccounting.Utilities.BaseTestLibrary.BaseTest - ******************** Current Execution Outcome **************************
2024-10-10 19:33:39,480 [NonParallelWorker] INFO MochaHomeAccounting.Utilities.BaseTestLibrary.BaseTest - *************************************************************************
2024-10-10 19:33:39,480 [NonParallelWorker] INFO MochaHomeAccounting.Utilities.BaseTestLibrary.BaseTest - Total Tests Executed: 4
2024-10-10 19:33:39,480 [NonParallelWorker] INFO MochaHomeAccounting.Utilities.BaseTestLibrary.BaseTest - Total Tests Passed: 4
2024-10-10 19:33:39,480 [NonParallelWorker] INFO MochaHomeAccounting.Utilities.BaseTestLibrary.BaseTest - Total Tests Failed: 0
2024-10-10 19:33:39,480 [NonParallelWorker] INFO MochaHomeAccounting.Utilities.BaseTestLibrary.BaseTest - *************************************************************************
2024-10-10 19:33:39,480 [NonParallelWorker] INFO MochaHomeAccounting.Utilities.ExtentReporting - Flush the extent Report Object
2024-10-10 19:33:39,487 [NonParallelWorker] INFO MochaHomeAccounting.Utilities.BaseTestLibrary.BaseTest - ************************************* base class cleanup block Ends *************************
2024-10-10 19:33:39,487 [NonParallelWorker] INFO MochaHomeAccounting.Utilities.ExtentReporting - Check for Extent Report Object
2024-10-10 19:33:39,487 [NonParallelWorker] INFO MochaHomeAccounting.Utilities.BaseTestLibrary.BaseTest - ************************************* Base Class Initialized block starts *************************
2024-10-10 19:33:39,488 [NonParallelWorker] INFO MochaHomeAccounting.Utilities.BaseTestLibrary.BaseTest - ************************************* Base Class Initialized block ended *************************
2024-10-10 19:33:39,488 [NonParallelWorker] INFO MochaHomeAccounting.Utilities.WebDriverLibraries.WebDriverLibrary - The WebDriver for Chrome
2024-10-10 19:33:41,631 [NonParallelWorker] INFO MochaHomeAccounting.Utilities.WebDriverLibraries.ChromeDriverLib - Returning Chrome Driver object
2024-10-10 19:33:48,067 [NonParallelWorker] INFO MochaHomeAccounting.Tests.SmokeSuites - Navigated to URL: https://mochaaccounting.com/
2024-10-10 19:33:53,948 [NonParallelWorker] INFO MochaHomeAccounting.PageModel.CommonPage.LoginPage - Entered username: test410@yopmail.com
2024-10-10 19:33:54,198 [NonParallelWorker] INFO MochaHomeAccounting.PageModel.CommonPage.LoginPage - Entered password: Test@1234
2024-10-10 19:33:54,345 [NonParallelWorker] INFO MochaHomeAccounting.PageModel.CommonPage.LoginPage - Clicked on Login button
2024-10-10 19:34:06,998 [NonParallelWorker] INFO MochaHomeAccounting.PageModel.SalesPage.CustomersPage - Clicked on Sales
2024-10-10 19:34:07,160 [NonParallelWorker] INFO MochaHomeAccounting.PageModel.SalesPage.CustomersPage - Clicked on Customers
2024-10-10 19:34:07,250 [NonParallelWorker] INFO MochaHomeAccounting.PageModel.SalesPage.CustomersPage - Customers page opened successfully
2024-10-10 19:34:10,347 [NonParallelWorker] INFO MochaHomeAccounting.Tests.SmokeSuites - Clicked on Customer Type
2024-10-10 19:34:12,830 [NonParallelWorker] INFO MochaHomeAccounting.Tests.SmokeSuites - Clicked on Edit Customer Type
2024-10-10 19:34:13,675 [NonParallelWorker] INFO MochaHomeAccounting.Tests.SmokeSuites - Entered Customer Type Name
2024-10-10 19:34:13,762 [NonParallelWorker] INFO MochaHomeAccounting.Tests.SmokeSuites - Clicked on Update Customer Type
2024-10-10 19:34:15,052 [NonParallelWorker] INFO MochaHomeAccounting.Tests.SmokeSuites - Customer Type is updated successfully
2024-10-10 19:34:15,131 [NonParallelWorker] INFO MochaHomeAccounting.Tests.SmokeSuites - Customer Type is displayed successfully
2024-10-10 19:34:15,131 [NonParallelWorker] INFO MochaHomeAccounting.Utilities.TakeScreenShot - Create the screen shot with ITakeScreenShot
2024-10-10 19:34:15,294 [NonParallelWorker] INFO MochaHomeAccounting.Utilities.BaseTestLibrary.BaseTest - Disposing the WebDriver Object
2024-10-10 19:34:15,294 [NonParallelWorker] INFO MochaHomeAccounting.Utilities.BaseTestLibrary.BaseTest - VerifyEditCustomerTypeFunctionality is Passed
2024-10-10 19:34:15,294 [NonParallelWorker] INFO MochaHomeAccounting.Utilities.BaseTestLibrary.BaseTest - Driver is getting closed
2024-10-10 19:34:15,496 [NonParallelWorker] INFO MochaHomeAccounting.Utilities.BaseTestLibrary.BaseTest - Driver is closed
2024-10-10 19:34:15,579 [NonParallelWorker] INFO MochaHomeAccounting.Utilities.BaseTestLibrary.BaseTest - ************************************* base class cleanup block started *************************
2024-10-10 19:34:15,579 [NonParallelWorker] INFO MochaHomeAccounting.Utilities.BaseTestLibrary.BaseTest - ******************** Current Execution Outcome **************************
2024-10-10 19:34:15,579 [NonParallelWorker] INFO MochaHomeAccounting.Utilities.BaseTestLibrary.BaseTest - *************************************************************************
2024-10-10 19:34:15,579 [NonParallelWorker] INFO MochaHomeAccounting.Utilities.BaseTestLibrary.BaseTest - Total Tests Executed: 5
2024-10-10 19:34:15,579 [NonParallelWorker] INFO MochaHomeAccounting.Utilities.BaseTestLibrary.BaseTest - Total Tests Passed: 5
2024-10-10 19:34:15,579 [NonParallelWorker] INFO MochaHomeAccounting.Utilities.BaseTestLibrary.BaseTest - Total Tests Failed: 0
2024-10-10 19:34:15,579 [NonParallelWorker] INFO MochaHomeAccounting.Utilities.BaseTestLibrary.BaseTest - *************************************************************************
2024-10-10 19:34:15,579 [NonParallelWorker] INFO MochaHomeAccounting.Utilities.ExtentReporting - Flush the extent Report Object
2024-10-10 19:34:15,583 [NonParallelWorker] INFO MochaHomeAccounting.Utilities.BaseTestLibrary.BaseTest - ************************************* base class cleanup block Ends *************************
